#
# A fatal error has been detected by the Java Runtime Environment:
#
#  EXCEPTION_STACK_OVERFLOW (0xc00000fd) at pc=0x000000006ec04d37, pid=11492, tid=0x0000000000001fac
#
# JRE version: Java(TM) SE Runtime Environment (8.0_191-b12) (build 1.8.0_191-b12)
# Java VM: Java HotSpot(TM) 64-Bit Server VM (25.191-b12 mixed mode windows-amd64 compressed oops)
# Problematic frame:
# V  [jvm.dll+0x214d37]
#
# Failed to write core dump. Minidumps are not enabled by default on client versions of Windows
#
# If you would like to submit a bug report, please visit:
#   http://bugreport.java.com/bugreport/crash.jsp
#

---------------  T H R E A D  ---------------

Current thread (0x000000001d3c7000):  JavaThread "JMX server connection timeout 36" daemon [_thread_in_vm, id=8108, stack(0x0000000020f20000,0x0000000021020000)]

siginfo: ExceptionCode=0xc00000fd, ExceptionInformation=0x0000000000000001 0x000000002101c400 

Registers:
RAX=0x000000002101c400, RBX=0x0000000000000004, RCX=0x0000000000003000, RDX=0x0000000000000006
RSP=0x000000002101f400, RBP=0x0000000000000000, RSI=0x000000002101f400, RDI=0x0000000000000004
R8 =0x0000000000000006, R9 =0x000000001f0b3070, R10=0x00000000196fe1d8, R11=0x0000000020f2a148
R12=0x000000001f0b3070, R13=0x000000001d3c7000, R14=0x000000002101f4c8, R15=0x00000000196fe1d8
RIP=0x000000006ec04d37, EFLAGS=0x0000000000010206

Top of Stack: (sp=0x000000002101f400)
0x000000002101f400:   0000db20b992a5b5 00000007c0006bd0
0x000000002101f410:   000000001d3c7000 000000001f0b3070
0x000000002101f420:   00000000ffffffff 000000006ec05c67
0x000000002101f430:   000000002101f530 00000000196fe1d8
0x000000002101f440:   000000001d3c7000 000000006eab1213
0x000000002101f450:   000000002101f490 000000001d3c7000
0x000000002101f460:   000000002101f520 000000001d3c7000
0x000000002101f470:   00000000196fe1d8 000000001d3c7000
0x000000002101f480:   0000000002fc3be0 000000001d3c7000
0x000000002101f490:   00000000196fe1d8 000000001d3c7000
0x000000002101f4a0:   00000000196fe1d8 000000001d3c7000
0x000000002101f4b0:   0000000000000001 00000000196fe1d8
0x000000002101f4c0:   000000001d3c7000 000000001d173c90
0x000000002101f4d0:   000000001d3c7000 000000006eab297d
0x000000002101f4e0:   000000002101f7e8 00000007c0006bd0
0x000000002101f4f0:   00000007c0006bd0 00007ff9a9542e1a 

Instructions: (pc=0x000000006ec04d37)
0x000000006ec04d17:   48 89 6c 24 30 33 ed 66 90 e8 1b 4e 08 00 ff c3
0x000000006ec04d27:   48 63 c8 48 8b c6 48 0f af cf 48 ff c7 48 2b c1
0x000000006ec04d37:   89 28 48 63 c3 48 3b 05 65 8b 59 00 7e db 48 8b
0x000000006ec04d47:   6c 24 30 48 8b 5c 24 38 48 8b 74 24 40 48 83 c4 


Register to memory mapping:

RAX=0x000000002101c400 is pointing into the stack for thread: 0x000000001d3c7000
RBX=0x0000000000000004 is an unknown value
RCX=0x0000000000003000 is an unknown value
RDX=0x0000000000000006 is an unknown value
RSP=0x000000002101f400 is pointing into the stack for thread: 0x000000001d3c7000
RBP=0x0000000000000000 is an unknown value
RSI=0x000000002101f400 is pointing into the stack for thread: 0x000000001d3c7000
RDI=0x0000000000000004 is an unknown value
R8 =0x0000000000000006 is an unknown value
R9 =0x000000001f0b3070 is an unknown value
R10={method} {0x00000000196fe1e0} 'run' '()V' in 'java/lang/Thread'
R11=0x0000000020f2a148 is pointing into the stack for thread: 0x000000001d3c7000
R12=0x000000001f0b3070 is an unknown value
R13=0x000000001d3c7000 is a thread
R14=0x000000002101f4c8 is pointing into the stack for thread: 0x000000001d3c7000
R15={method} {0x00000000196fe1e0} 'run' '()V' in 'java/lang/Thread'


Stack: [0x0000000020f20000,0x0000000021020000],  sp=0x000000002101f400,  free space=1021k
Native frames: (J=compiled Java code, j=interpreted, Vv=VM code, C=native code)


---------------  P R O C E S S  ---------------

Java Threads: ( => current thread )
=>0x000000001d3c7000 JavaThread "JMX server connection timeout 36" daemon [_thread_in_vm, id=8108, stack(0x0000000020f20000,0x0000000021020000)]
  0x000000001d3ae000 JavaThread "ForkJoinPool.commonPool-worker-3" daemon [_thread_blocked, id=7996, stack(0x0000000020a20000,0x0000000020b20000)]
  0x000000001d3ad800 JavaThread "ForkJoinPool.commonPool-worker-2" daemon [_thread_blocked, id=3736, stack(0x0000000020920000,0x0000000020a20000)]
  0x000000001d401800 JavaThread "ForkJoinPool.commonPool-worker-1" daemon [_thread_blocked, id=1728, stack(0x0000000020820000,0x0000000020920000)]
  0x000000001d3ef000 JavaThread "Druid-ConnectionPool-Destroy-1727026317" daemon [_thread_blocked, id=12076, stack(0x0000000020520000,0x0000000020620000)]
  0x000000001d3ee800 JavaThread "Druid-ConnectionPool-Create-1727026317" daemon [_thread_blocked, id=12772, stack(0x0000000020420000,0x0000000020520000)]
  0x000000001f0a7000 JavaThread "mysql-cj-abandoned-connection-cleanup" daemon [_thread_blocked, id=13456, stack(0x000000001cb80000,0x000000001cc80000)]
  0x000000001d11c800 JavaThread "RMI Scheduler(0)" daemon [_thread_blocked, id=216, stack(0x000000001e750000,0x000000001e850000)]
  0x000000001b485800 JavaThread "RMI TCP Connection(1)-192.168.227.1" daemon [_thread_in_native, id=6260, stack(0x000000001e650000,0x000000001e750000)]
  0x000000001bec6000 JavaThread "RMI TCP Accept-0" daemon [_thread_in_native, id=10408, stack(0x000000001c6d0000,0x000000001c7d0000)]
  0x000000001bc63000 JavaThread "Service Thread" daemon [_thread_blocked, id=9000, stack(0x000000001c5d0000,0x000000001c6d0000)]
  0x000000001bc5f000 JavaThread "C1 CompilerThread2" daemon [_thread_blocked, id=9876, stack(0x000000001c4d0000,0x000000001c5d0000)]
  0x000000001bbfb000 JavaThread "C2 CompilerThread1" daemon [_thread_blocked, id=7268, stack(0x000000001c3d0000,0x000000001c4d0000)]
  0x000000001bbc9800 JavaThread "C2 CompilerThread0" daemon [_thread_blocked, id=12072, stack(0x000000001c2d0000,0x000000001c3d0000)]
  0x000000001bbe9000 JavaThread "Monitor Ctrl-Break" daemon [_thread_in_native, id=14280, stack(0x000000001c1d0000,0x000000001c2d0000)]
  0x000000001a09a000 JavaThread "Attach Listener" daemon [_thread_blocked, id=1284, stack(0x000000001b8d0000,0x000000001b9d0000)]
  0x000000001b413800 JavaThread "Signal Dispatcher" daemon [_thread_blocked, id=10924, stack(0x000000001b7d0000,0x000000001b8d0000)]
  0x0000000002eac000 JavaThread "Finalizer" daemon [_thread_blocked, id=12544, stack(0x000000001b2d0000,0x000000001b3d0000)]
  0x0000000002ea8800 JavaThread "Reference Handler" daemon [_thread_blocked, id=12348, stack(0x000000001b1d0000,0x000000001b2d0000)]
  0x0000000002cae800 JavaThread "main" [_thread_blocked, id=2584, stack(0x0000000002cb0000,0x0000000002db0000)]

Other Threads:
  0x000000001a037000 VMThread [stack: 0x000000001b0d0000,0x000000001b1d0000] [id=4592]
  0x000000001becf000 WatcherThread [stack: 0x000000001c7d0000,0x000000001c8d0000] [id=13320]

VM state:synchronizing (normal execution)

VM Mutex/Monitor currently owned by a thread:  ([mutex/lock_event])
[0x0000000002db0650] Threads_lock - owner thread: 0x000000001a037000
[0x0000000002db0a50] Heap_lock - owner thread: 0x0000000002cae800

Heap:
 PSYoungGen      total 132608K, used 2377K [0x0000000780700000, 0x000000078b500000, 0x00000007c0000000)
  eden space 121856K, 1% used [0x0000000780700000,0x0000000780952730,0x0000000787e00000)
  from space 10752K, 0% used [0x0000000788a80000,0x0000000788a80000,0x0000000789500000)
  to   space 12800K, 0% used [0x0000000787e00000,0x0000000787e00000,0x0000000788a80000)
 ParOldGen       total 76800K, used 25051K [0x0000000701400000, 0x0000000705f00000, 0x0000000780700000)
  object space 76800K, 32% used [0x0000000701400000,0x0000000702c76ea8,0x0000000705f00000)
 Metaspace       used 42660K, capacity 44349K, committed 44416K, reserved 1091584K
  class space    used 5621K, capacity 5959K, committed 6016K, reserved 1048576K

Card table byte_map: [0x0000000012370000,0x0000000012970000] byte_map_base: 0x000000000eb66000

Marking Bits: (ParMarkBitMap*) 0x000000006f213e30
 Begin Bits: [0x0000000013170000, 0x0000000016120000)
 End Bits:   [0x0000000016120000, 0x00000000190d0000)

Polling page: 0x0000000000f50000

CodeCache: size=245760Kb used=10233Kb max_used=10304Kb free=235526Kb
 bounds [0x0000000002fb0000, 0x00000000039c0000, 0x0000000011fb0000]
 total_blobs=5492 nmethods=4964 adapters=437
 compilation: enabled

Compilation events (10 events):
Event: 12.388 Thread 0x000000001bc5f000 nmethod 5014 0x00000000033b0d90 code [0x00000000033b0f60, 0x00000000033b1378]
Event: 12.388 Thread 0x000000001bc5f000 5015       1       org.aspectj.weaver.patterns.WithinAnnotationPointcut::couldMatchKinds (4 bytes)
Event: 12.389 Thread 0x000000001bc5f000 nmethod 5015 0x00000000034a5d10 code [0x00000000034a5e60, 0x00000000034a5f70]
Event: 12.389 Thread 0x000000001bc5f000 5016       1       org.aspectj.weaver.patterns.OrPointcut::matchInternal (31 bytes)
Event: 12.389 Thread 0x000000001bc5f000 nmethod 5016 0x00000000034a5810 code [0x00000000034a59a0, 0x00000000034a5b98]
Event: 12.389 Thread 0x000000001bc5f000 5017       1       org.aspectj.weaver.patterns.WithinAnnotationPointcut::matchInternal (87 bytes)
Event: 12.390 Thread 0x000000001bc5f000 nmethod 5017 0x00000000033afd10 code [0x00000000033aff60, 0x00000000033b06e8]
Event: 12.390 Thread 0x000000001bc5f000 5018       1       org.aspectj.util.FuzzyBoolean$NoFuzzyBoolean::or (2 bytes)
Event: 12.390 Thread 0x000000001bc5f000 nmethod 5018 0x00000000033afa50 code [0x00000000033afba0, 0x00000000033afcb0]
Event: 12.391 Thread 0x000000001bc5f000 5019       1       org.aspectj.weaver.World$TypeMap::put (562 bytes)

GC Heap History (10 events):
Event: 8.737 GC heap before
{Heap before GC invocations=9 (full 2):
 PSYoungGen      total 134656K, used 12799K [0x0000000780700000, 0x000000078b500000, 0x00000007c0000000)
  eden space 121856K, 0% used [0x0000000780700000,0x0000000780700000,0x0000000787e00000)
  from space 12800K, 99% used [0x0000000787e00000,0x0000000788a7fd70,0x0000000788a80000)
  to   space 10752K, 0% used [0x0000000788a80000,0x0000000788a80000,0x0000000789500000)
 ParOldGen       total 76800K, used 10652K [0x0000000701400000, 0x0000000705f00000, 0x0000000780700000)
  object space 76800K, 13% used [0x0000000701400000,0x0000000701e67240,0x0000000705f00000)
 Metaspace       used 34200K, capacity 35386K, committed 35496K, reserved 1079296K
  class space    used 4493K, capacity 4761K, committed 4864K, reserved 1048576K
Event: 8.819 GC heap after
Heap after GC invocations=9 (full 2):
 PSYoungGen      total 134656K, used 0K [0x0000000780700000, 0x000000078b500000, 0x00000007c0000000)
  eden space 121856K, 0% used [0x0000000780700000,0x0000000780700000,0x0000000787e00000)
  from space 12800K, 0% used [0x0000000787e00000,0x0000000787e00000,0x0000000788a80000)
  to   space 10752K, 0% used [0x0000000788a80000,0x0000000788a80000,0x0000000789500000)
 ParOldGen       total 76800K, used 18619K [0x0000000701400000, 0x0000000705f00000, 0x0000000780700000)
  object space 76800K, 24% used [0x0000000701400000,0x000000070262ed58,0x0000000705f00000)
 Metaspace       used 34198K, capacity 35380K, committed 35496K, reserved 1079296K
  class space    used 4492K, capacity 4760K, committed 4864K, reserved 1048576K
}
Event: 10.956 GC heap before
{Heap before GC invocations=10 (full 2):
 PSYoungGen      total 134656K, used 121856K [0x0000000780700000, 0x000000078b500000, 0x00000007c0000000)
  eden space 121856K, 100% used [0x0000000780700000,0x0000000787e00000,0x0000000787e00000)
  from space 12800K, 0% used [0x0000000787e00000,0x0000000787e00000,0x0000000788a80000)
  to   space 10752K, 0% used [0x0000000788a80000,0x0000000788a80000,0x0000000789500000)
 ParOldGen       total 76800K, used 18619K [0x0000000701400000, 0x0000000705f00000, 0x0000000780700000)
  object space 76800K, 24% used [0x0000000701400000,0x000000070262ed58,0x0000000705f00000)
 Metaspace       used 38873K, capacity 40234K, committed 40576K, reserved 1085440K
  class space    used 5092K, capacity 5383K, committed 5504K, reserved 1048576K
Event: 10.963 GC heap after
Heap after GC invocations=10 (full 2):
 PSYoungGen      total 132608K, used 7123K [0x0000000780700000, 0x000000078b500000, 0x00000007c0000000)
  eden space 121856K, 0% used [0x0000000780700000,0x0000000780700000,0x0000000787e00000)
  from space 10752K, 66% used [0x0000000788a80000,0x0000000789174c40,0x0000000789500000)
  to   space 12800K, 0% used [0x0000000787e00000,0x0000000787e00000,0x0000000788a80000)
 ParOldGen       total 76800K, used 18635K [0x0000000701400000, 0x0000000705f00000, 0x0000000780700000)
  object space 76800K, 24% used [0x0000000701400000,0x0000000702632d58,0x0000000705f00000)
 Metaspace       used 38873K, capacity 40234K, committed 40576K, reserved 1085440K
  class space    used 5092K, capacity 5383K, committed 5504K, reserved 1048576K
}
Event: 11.566 GC heap before
{Heap before GC invocations=11 (full 2):
 PSYoungGen      total 132608K, used 128979K [0x0000000780700000, 0x000000078b500000, 0x00000007c0000000)
  eden space 121856K, 100% used [0x0000000780700000,0x0000000787e00000,0x0000000787e00000)
  from space 10752K, 66% used [0x0000000788a80000,0x0000000789174c40,0x0000000789500000)
  to   space 12800K, 0% used [0x0000000787e00000,0x0000000787e00000,0x0000000788a80000)
 ParOldGen       total 76800K, used 18635K [0x0000000701400000, 0x0000000705f00000, 0x0000000780700000)
  object space 76800K, 24% used [0x0000000701400000,0x0000000702632d58,0x0000000705f00000)
 Metaspace       used 40035K, capacity 41384K, committed 41472K, reserved 1085440K
  class space    used 5260K, capacity 5560K, committed 5632K, reserved 1048576K
Event: 11.576 GC heap after
Heap after GC invocations=11 (full 2):
 PSYoungGen      total 134656K, used 7189K [0x0000000780700000, 0x000000078b500000, 0x00000007c0000000)
  eden space 121856K, 0% used [0x0000000780700000,0x0000000780700000,0x0000000787e00000)
  from space 12800K, 56% used [0x0000000787e00000,0x0000000788505520,0x0000000788a80000)
  to   space 10752K, 0% used [0x0000000788a80000,0x0000000788a80000,0x0000000789500000)
 ParOldGen       total 76800K, used 18643K [0x0000000701400000, 0x0000000705f00000, 0x0000000780700000)
  object space 76800K, 24% used [0x0000000701400000,0x0000000702634d58,0x0000000705f00000)
 Metaspace       used 40035K, capacity 41384K, committed 41472K, reserved 1085440K
  class space    used 5260K, capacity 5560K, committed 5632K, reserved 1048576K
}
Event: 12.166 GC heap before
{Heap before GC invocations=12 (full 2):
 PSYoungGen      total 134656K, used 52612K [0x0000000780700000, 0x000000078b500000, 0x00000007c0000000)
  eden space 121856K, 37% used [0x0000000780700000,0x000000078335bea8,0x0000000787e00000)
  from space 12800K, 56% used [0x0000000787e00000,0x0000000788505520,0x0000000788a80000)
  to   space 10752K, 0% used [0x0000000788a80000,0x0000000788a80000,0x0000000789500000)
 ParOldGen       total 76800K, used 18643K [0x0000000701400000, 0x0000000705f00000, 0x0000000780700000)
  object space 76800K, 24% used [0x0000000701400000,0x0000000702634d58,0x0000000705f00000)
 Metaspace       used 42658K, capacity 44343K, committed 44416K, reserved 1091584K
  class space    used 5620K, capacity 5958K, committed 6016K, reserved 1048576K
Event: 12.177 GC heap after
Heap after GC invocations=12 (full 2):
 PSYoungGen      total 132608K, used 9877K [0x0000000780700000, 0x000000078b500000, 0x00000007c0000000)
  eden space 121856K, 0% used [0x0000000780700000,0x0000000780700000,0x0000000787e00000)
  from space 10752K, 91% used [0x0000000788a80000,0x00000007894257d0,0x0000000789500000)
  to   space 12800K, 0% used [0x0000000787e00000,0x0000000787e00000,0x0000000788a80000)
 ParOldGen       total 76800K, used 18651K [0x0000000701400000, 0x0000000705f00000, 0x0000000780700000)
  object space 76800K, 24% used [0x0000000701400000,0x0000000702636d58,0x0000000705f00000)
 Metaspace       used 42658K, capacity 44343K, committed 44416K, reserved 1091584K
  class space    used 5620K, capacity 5958K, committed 6016K, reserved 1048576K
}
Event: 12.177 GC heap before
{Heap before GC invocations=13 (full 3):
 PSYoungGen      total 132608K, used 9877K [0x0000000780700000, 0x000000078b500000, 0x00000007c0000000)
  eden space 121856K, 0% used [0x0000000780700000,0x0000000780700000,0x0000000787e00000)
  from space 10752K, 91% used [0x0000000788a80000,0x00000007894257d0,0x0000000789500000)
  to   space 12800K, 0% used [0x0000000787e00000,0x0000000787e00000,0x0000000788a80000)
 ParOldGen       total 76800K, used 18651K [0x0000000701400000, 0x0000000705f00000, 0x0000000780700000)
  object space 76800K, 24% used [0x0000000701400000,0x0000000702636d58,0x0000000705f00000)
 Metaspace       used 42658K, capacity 44343K, committed 44416K, reserved 1091584K
  class space    used 5620K, capacity 5958K, committed 6016K, reserved 1048576K
Event: 12.387 GC heap after
Heap after GC invocations=13 (full 3):
 PSYoungGen      total 132608K, used 0K [0x0000000780700000, 0x000000078b500000, 0x00000007c0000000)
  eden space 121856K, 0% used [0x0000000780700000,0x0000000780700000,0x0000000787e00000)
  from space 10752K, 0% used [0x0000000788a80000,0x0000000788a80000,0x0000000789500000)
  to   space 12800K, 0% used [0x0000000787e00000,0x0000000787e00000,0x0000000788a80000)
 ParOldGen       total 76800K, used 25051K [0x0000000701400000, 0x0000000705f00000, 0x0000000780700000)
  object space 76800K, 32% used [0x0000000701400000,0x0000000702c76ea8,0x0000000705f00000)
 Metaspace       used 42658K, capacity 44343K, committed 44416K, reserved 1089536K
  class space    used 5620K, capacity 5958K, committed 6016K, reserved 1048576K
}

Deoptimization events (0 events):
No events

Classes redefined (0 events):
No events

Internal exceptions (10 events):
Event: 12.099 Thread 0x0000000002cae800 Exception <a 'java/lang/ArrayIndexOutOfBoundsException'> (0x0000000782c7cb88) thrown at [C:\re\workspace\8-2-build-windows-amd64-cygwin\jdk8u191\11896\hotspot\src\share\vm\runtime\sharedRuntime.cpp, line 605]
Event: 12.105 Thread 0x0000000002cae800 Exception <a 'java/lang/ArrayIndexOutOfBoundsException'> (0x0000000782cde260) thrown at [C:\re\workspace\8-2-build-windows-amd64-cygwin\jdk8u191\11896\hotspot\src\share\vm\runtime\sharedRuntime.cpp, line 605]
Event: 12.107 Thread 0x0000000002cae800 Exception <a 'java/lang/ArrayIndexOutOfBoundsException'> (0x0000000782ce8c38) thrown at [C:\re\workspace\8-2-build-windows-amd64-cygwin\jdk8u191\11896\hotspot\src\share\vm\runtime\sharedRuntime.cpp, line 605]
Event: 12.111 Thread 0x0000000002cae800 Exception <a 'java/lang/ArrayIndexOutOfBoundsException'> (0x0000000782d61838) thrown at [C:\re\workspace\8-2-build-windows-amd64-cygwin\jdk8u191\11896\hotspot\src\share\vm\runtime\sharedRuntime.cpp, line 605]
Event: 12.111 Thread 0x0000000002cae800 Exception <a 'java/lang/ArrayIndexOutOfBoundsException'> (0x0000000782d6b078) thrown at [C:\re\workspace\8-2-build-windows-amd64-cygwin\jdk8u191\11896\hotspot\src\share\vm\runtime\sharedRuntime.cpp, line 605]
Event: 12.132 Thread 0x0000000002cae800 Exception <a 'java/lang/ArrayIndexOutOfBoundsException'> (0x0000000782f51450) thrown at [C:\re\workspace\8-2-build-windows-amd64-cygwin\jdk8u191\11896\hotspot\src\share\vm\runtime\sharedRuntime.cpp, line 605]
Event: 12.158 Thread 0x0000000002cae800 Exception <a 'java/lang/ArrayIndexOutOfBoundsException'> (0x00000007831d1460) thrown at [C:\re\workspace\8-2-build-windows-amd64-cygwin\jdk8u191\11896\hotspot\src\share\vm\runtime\sharedRuntime.cpp, line 605]
Event: 12.158 Thread 0x0000000002cae800 Exception <a 'java/lang/ArrayIndexOutOfBoundsException'> (0x00000007831da090) thrown at [C:\re\workspace\8-2-build-windows-amd64-cygwin\jdk8u191\11896\hotspot\src\share\vm\runtime\sharedRuntime.cpp, line 605]
Event: 12.158 Thread 0x0000000002cae800 Exception <a 'java/lang/ArrayIndexOutOfBoundsException'> (0x00000007831e04e0) thrown at [C:\re\workspace\8-2-build-windows-amd64-cygwin\jdk8u191\11896\hotspot\src\share\vm\runtime\sharedRuntime.cpp, line 605]
Event: 12.159 Thread 0x0000000002cae800 Exception <a 'java/lang/ArrayIndexOutOfBoundsException'> (0x0000000783201ba0) thrown at [C:\re\workspace\8-2-build-windows-amd64-cygwin\jdk8u191\11896\hotspot\src\share\vm\runtime\sharedRuntime.cpp, line 605]

Events (10 events):
Event: 12.134 loading class org/springframework/beans/factory/support/DefaultListableBeanFactory done
Event: 12.136 loading class java/util/stream/SortedOps$RefSortingSink
Event: 12.138 loading class java/util/stream/SortedOps$RefSortingSink done
Event: 12.166 Executing VM operation: CollectForMetadataAllocation
Event: 12.387 Executing VM operation: CollectForMetadataAllocation done
Event: 12.388 Executing VM operation: RevokeBias
Event: 12.388 Executing VM operation: RevokeBias done
Event: 12.388 Executing VM operation: RevokeBias
Event: 12.388 Executing VM operation: RevokeBias done
Event: 12.389 Thread 0x000000001d3c7000 Thread added: 0x000000001d3c7000


Dynamic libraries:
0x00007ff75a1a0000 - 0x00007ff75a1d7000 	F:\java\bin\java.exe
0x00007ff9a9520000 - 0x00007ff9a9710000 	C:\WINDOWS\SYSTEM32\ntdll.dll
0x00007ff9a76a0000 - 0x00007ff9a7752000 	C:\WINDOWS\System32\KERNEL32.DLL
0x00007ff9a64b0000 - 0x00007ff9a6754000 	C:\WINDOWS\System32\KERNELBASE.dll
0x00007ff9a90f0000 - 0x00007ff9a9193000 	C:\WINDOWS\System32\ADVAPI32.dll
0x00007ff9a7a20000 - 0x00007ff9a7abe000 	C:\WINDOWS\System32\msvcrt.dll
0x00007ff9a80f0000 - 0x00007ff9a8187000 	C:\WINDOWS\System32\sechost.dll
0x00007ff9a84c0000 - 0x00007ff9a85e0000 	C:\WINDOWS\System32\RPCRT4.dll
0x00007ff9a82a0000 - 0x00007ff9a8434000 	C:\WINDOWS\System32\USER32.dll
0x00007ff9a6ff0000 - 0x00007ff9a7011000 	C:\WINDOWS\System32\win32u.dll
0x00007ff9a8190000 - 0x00007ff9a81b6000 	C:\WINDOWS\System32\GDI32.dll
0x00007ff9a7230000 - 0x00007ff9a73c5000 	C:\WINDOWS\System32\gdi32full.dll
0x00007ff9a6760000 - 0x00007ff9a67fe000 	C:\WINDOWS\System32\msvcp_win.dll
0x00007ff9a7130000 - 0x00007ff9a722a000 	C:\WINDOWS\System32\ucrtbase.dll
0x00007ff99b4c0000 - 0x00007ff99b744000 	C:\WINDOWS\WinSxS\amd64_microsoft.windows.common-controls_6595b64144ccf1df_6.0.18362.900_none_e6beb9d913147d17\COMCTL32.dll
0x00007ff9a8cd0000 - 0x00007ff9a9005000 	C:\WINDOWS\System32\combase.dll
0x00007ff9a7550000 - 0x00007ff9a75d0000 	C:\WINDOWS\System32\bcryptPrimitives.dll
0x00007ff9a91a0000 - 0x00007ff9a91ce000 	C:\WINDOWS\System32\IMM32.DLL
0x000000006f2a0000 - 0x000000006f372000 	F:\java\jre\bin\msvcr100.dll
0x000000006e9f0000 - 0x000000006f294000 	F:\java\jre\bin\server\jvm.dll
0x00007ff9a92e0000 - 0x00007ff9a92e8000 	C:\WINDOWS\System32\PSAPI.DLL
0x00007ff9a1ec0000 - 0x00007ff9a1ec9000 	C:\WINDOWS\SYSTEM32\WSOCK32.dll
0x00007ff9a8230000 - 0x00007ff9a829f000 	C:\WINDOWS\System32\WS2_32.dll
0x00007ff99dbb0000 - 0x00007ff99dbd4000 	C:\WINDOWS\SYSTEM32\WINMM.dll
0x00007ff99e390000 - 0x00007ff99e39a000 	C:\WINDOWS\SYSTEM32\VERSION.dll
0x00007ff99d960000 - 0x00007ff99d98d000 	C:\WINDOWS\SYSTEM32\WINMMBASE.dll
0x00007ff9a6fa0000 - 0x00007ff9a6fea000 	C:\WINDOWS\System32\cfgmgr32.dll
0x0000000071240000 - 0x000000007124f000 	F:\java\jre\bin\verify.dll
0x0000000071210000 - 0x0000000071239000 	F:\java\jre\bin\java.dll
0x00000000711c0000 - 0x00000000711e3000 	F:\java\jre\bin\instrument.dll
0x00000000711f0000 - 0x0000000071206000 	F:\java\jre\bin\zip.dll
0x00007ff9a85e0000 - 0x00007ff9a8cc6000 	C:\WINDOWS\System32\SHELL32.dll
0x00007ff9a92f0000 - 0x00007ff9a9399000 	C:\WINDOWS\System32\shcore.dll
0x00007ff9a6820000 - 0x00007ff9a6fa0000 	C:\WINDOWS\System32\windows.storage.dll
0x00007ff9a6460000 - 0x00007ff9a6483000 	C:\WINDOWS\System32\profapi.dll
0x00007ff9a6410000 - 0x00007ff9a645a000 	C:\WINDOWS\System32\powrprof.dll
0x00007ff9a63e0000 - 0x00007ff9a63f0000 	C:\WINDOWS\System32\UMPDC.dll
0x00007ff9a91d0000 - 0x00007ff9a9222000 	C:\WINDOWS\System32\shlwapi.dll
0x00007ff9a6490000 - 0x00007ff9a64a1000 	C:\WINDOWS\System32\kernel.appcore.dll
0x00007ff9a6800000 - 0x00007ff9a6817000 	C:\WINDOWS\System32\cryptsp.dll
0x00007ff9a2670000 - 0x00007ff9a268a000 	F:\IDEA\IntelliJ IDEA 2019.1\bin\breakgen64.dll
0x00000000711a0000 - 0x00000000711ba000 	F:\java\jre\bin\net.dll
0x00007ff9a5c50000 - 0x00007ff9a5cb7000 	C:\WINDOWS\system32\mswsock.dll
0x00007ff9a59a0000 - 0x00007ff9a5a6b000 	C:\WINDOWS\SYSTEM32\DNSAPI.dll
0x00007ff9a90e0000 - 0x00007ff9a90e8000 	C:\WINDOWS\System32\NSI.dll
0x00007ff9a5960000 - 0x00007ff9a599a000 	C:\WINDOWS\SYSTEM32\IPHLPAPI.DLL
0x00007ff99e1f0000 - 0x00007ff99e1fa000 	C:\Windows\System32\rasadhlp.dll
0x00007ff99fa20000 - 0x00007ff99fa97000 	C:\WINDOWS\System32\fwpuclnt.dll
0x00007ff9a7520000 - 0x00007ff9a7546000 	C:\WINDOWS\System32\bcrypt.dll
0x0000000071190000 - 0x000000007119d000 	F:\java\jre\bin\management.dll
0x00000000702c0000 - 0x00000000702d1000 	F:\java\jre\bin\nio.dll
0x00007ff9a57c0000 - 0x00007ff9a57f3000 	C:\WINDOWS\system32\rsaenh.dll
0x00007ff9a62d0000 - 0x00007ff9a62f5000 	C:\WINDOWS\SYSTEM32\USERENV.dll
0x00007ff9a5e20000 - 0x00007ff9a5e2c000 	C:\WINDOWS\SYSTEM32\CRYPTBASE.dll
0x00007ff99fef0000 - 0x00007ff99ff06000 	C:\WINDOWS\SYSTEM32\dhcpcsvc6.DLL
0x00007ff99fe90000 - 0x00007ff99feac000 	C:\WINDOWS\SYSTEM32\dhcpcsvc.DLL
0x00007ff9929b0000 - 0x00007ff9929c6000 	C:\WINDOWS\system32\napinsp.dll
0x00007ff992710000 - 0x00007ff99272a000 	C:\WINDOWS\system32\pnrpnsp.dll
0x00007ff996770000 - 0x00007ff99677e000 	C:\WINDOWS\System32\winrnr.dll
0x00007ff9a0bb0000 - 0x00007ff9a0bcc000 	C:\WINDOWS\system32\NLAapi.dll
0x00007ff98fbb0000 - 0x00007ff98fbc5000 	C:\WINDOWS\system32\wshbth.dll
0x0000000070290000 - 0x00000000702b4000 	F:\java\jre\bin\sunec.dll
0x0000000070280000 - 0x000000007028b000 	F:\java\jre\bin\sunmscapi.dll
0x00007ff9a73d0000 - 0x00007ff9a7519000 	C:\WINDOWS\System32\CRYPT32.dll
0x00007ff9a63f0000 - 0x00007ff9a6402000 	C:\WINDOWS\System32\MSASN1.dll

VM Arguments:
jvm_args: -XX:TieredStopAtLevel=1 -Xverify:none -Dspring.output.ansi.enabled=always -Dcom.sun.management.jmxremote -Dspring.liveBeansView.mbeanDomain -Dspring.application.admin.enabled=true -javaagent:F:\IDEA\IntelliJ IDEA 2019.1\lib\idea_rt.jar=13283:F:\IDEA\IntelliJ IDEA 2019.1\bin -Dfile.encoding=UTF-8 
java_command: io.renren.RenrenApplication
java_class_path (initial): F:\java\jre\lib\charsets.jar;F:\java\jre\lib\deploy.jar;F:\java\jre\lib\ext\access-bridge-64.jar;F:\java\jre\lib\ext\cldrdata.jar;F:\java\jre\lib\ext\dnsns.jar;F:\java\jre\lib\ext\jaccess.jar;F:\java\jre\lib\ext\jfxrt.jar;F:\java\jre\lib\ext\localedata.jar;F:\java\jre\lib\ext\nashorn.jar;F:\java\jre\lib\ext\sunec.jar;F:\java\jre\lib\ext\sunjce_provider.jar;F:\java\jre\lib\ext\sunmscapi.jar;F:\java\jre\lib\ext\sunpkcs11.jar;F:\java\jre\lib\ext\zipfs.jar;F:\java\jre\lib\javaws.jar;F:\java\jre\lib\jce.jar;F:\java\jre\lib\jfr.jar;F:\java\jre\lib\jfxswt.jar;F:\java\jre\lib\jsse.jar;F:\java\jre\lib\management-agent.jar;F:\java\jre\lib\plugin.jar;F:\java\jre\lib\resources.jar;F:\java\jre\lib\rt.jar;F:\IDEA\IDEAWorkPacks\ogmpm\renren-fast\target\classes;F:\IDEA\IDEAWorkPacks\ogmpm\ogmpm-common\target\classes;C:\Users\zhangjx\.m2\repository\org\apache\httpcomponents\httpcore\4.4.12\httpcore-4.4.12.jar;C:\Users\zhangjx\.m2\repository\com\google\code\gson\gson\2.8.5\gson-2.8.5.jar;C:\Users\zhangjx\.m2\repository\org\springframework\boot\spring-boot-starter\2.1.8.RELEASE\spring-boot-starter-2.1.8.RELEASE.jar;C:\Users\zhangjx\.m2\repository\org\springframework\boot\spring-boot\2.1.8.RELEASE\spring-boot-2.1.8.RELEASE.jar;C:\Users\zhangjx\.m2\repository\org\springframework\boot\spring-boot-starter-logging\2.1.8.RELEASE\spring-boot-starter-logging-2.1.8.RELEASE.jar;C:\Users\zhangjx\.m2\repository\ch\qos\logback\logback-classic\1.2.3\logback-classic-1.2.3.jar;C:\Users\zhangjx\.m2\repository\ch\qos\logback\logback-core\1.2.3\logback-core-1.2.3.jar;C:\Users\zhangjx\.m2\repository\org\apache\logging\log4j\log4j-to-slf4j\2.11.2\log4j-to-slf4j-2.11.2.jar;C:\Users\zhangjx\.m2\repository\org\apache\logging\log4j\log4j-api\2.11.2\log4j-api-2.11.2.jar;C:\Users\zhangjx\.m2\repository\org\slf4j\jul-to-slf4j\1.7.28\jul-to-slf4j-1.7.28.jar;C:\Users\zhangjx\.m2\repository\javax\annotation\javax.annotation-api\1.3.2\javax.annotation-api-1.3.2.jar;C:\Users\zhangjx\.m2\r
Launcher Type: SUN_STANDARD

Environment Variables:
JAVA_HOME=F:\java
PATH=F:\java\bin;C:\Program Files\MySQL\MySQL Server 8.0\bin;C:\Program Files (x86)\Common Files\Intel\Shared Libraries\redist\intel64\compiler;F:\pkpm\EXPPWI;C:\Windows\system32;C:\Windows;C:\Windows\System32\Wbem;C:\Windows\System32\WindowsPowerShell\v1.0\;C:\Users\zhangjx\AppData\Local\Microsoft\WindowsApps;C:\WINDOWS\system32;C:\WINDOWS;C:\WINDOWS\System32\Wbem;C:\WINDOWS\System32\WindowsPowerShell\v1.0\;F:\calibre\;C:\WINDOWS\System32\OpenSSH\;F:\Git\cmd;C:\Program Files\TortoiseGit\bin;F:\MAVEN\apache-maven-3.5.4\bin;F:\nodejs\;C:\Program Files\MySQL\MySQL Shell 8.0\bin\;C:\Users\zhangjx\AppData\Local\Microsoft\WindowsApps;F:\Microsoft VS Code\bin;F:\Nodejs\node_global;C:\Users\zhangjx\AppData\Roaming\npm;C:\Users\zhangjx\AppData\Local\GitHubDesktop\bin
USERNAME=zhangjx
OS=Windows_NT
PROCESSOR_IDENTIFIER=Intel64 Family 6 Model 60 Stepping 3, GenuineIntel



---------------  S Y S T E M  ---------------

OS: Windows 10.0 , 64 bit Build 18362 (10.0.18362.900)

CPU:total 4 (initial active 4) (2 cores per cpu, 2 threads per core) family 6 model 60 stepping 3, cmov, cx8, fxsr, mmx, sse, sse2, sse3, ssse3, sse4.1, sse4.2, popcnt, avx, avx2, aes, clmul, erms, lzcnt, ht, tsc, tscinvbit, bmi1, bmi2

Memory: 4k page, physical 12493080k(2072464k free), swap 12493080k(4088k free)

vm_info: Java HotSpot(TM) 64-Bit Server VM (25.191-b12) for windows-amd64 JRE (1.8.0_191-b12), built on Oct  6 2018 09:29:03 by "java_re" with MS VC++ 10.0 (VS2010)

time: Thu Jun 11 20:13:33 2020
elapsed time: 12 seconds (0d 0h 0m 12s)

